<?xml version="1.0" encoding="UTF-8"?>
<!-- Generated by org.testng.reporters.JUnitReportReporter -->
<testsuite hostname="ZGC-20200913RTR" failures="0" tests="1" name="testcases.Tests" time="52.523" errors="0" timestamp="2020-11-20T23:45:58 NZDT" skipped="0">
  <testcase classname="testcases.Tests" name="userShouldBeAbleToCompareTwoProducts" time="52.523"/>
  <system-out/>
</testsuite> <!-- testcases.Tests -->
